2023-05-21 17:25:54,833 p=30762 u=memoor n=ansible | ERROR! the playbook: playbook.yaml could not be found
2023-05-21 17:28:43,247 p=31013 u=memoor n=ansible | [WARNING]: Unable to parse /Users/memoor/AWS-Terraform Project/Deploy-HA-Application-and-db/dynamic_inventory_script.py as an inventory source

2023-05-21 17:28:43,248 p=31013 u=memoor n=ansible | [WARNING]: No inventory was parsed, only implicit localhost is available

2023-05-21 17:28:43,259 p=31013 u=memoor n=ansible | [WARNING]: provided hosts list is empty, only localhost is available. Note that the implicit localhost does not match 'all'

2023-05-21 17:28:43,796 p=31013 u=memoor n=ansible | [WARNING]: Could not match supplied host pattern, ignoring: wordpress

2023-05-21 17:28:43,798 p=31013 u=memoor n=ansible | PLAY [wordpress] ******************************************************************************************************************************************************************************************
2023-05-21 17:28:43,798 p=31013 u=memoor n=ansible | skipping: no hosts matched
2023-05-21 17:28:43,798 p=31013 u=memoor n=ansible | PLAY RECAP ************************************************************************************************************************************************************************************************
2023-05-21 18:02:33,195 p=33110 u=memoor n=ansible | [WARNING]:  * Failed to parse /Users/memoor/AWS-Terraform Project/Deploy-HA-Application-and-db/dynamic_inventory_script.py with script plugin: problem running /Users/memoor/AWS-Terraform Project/Deploy-
HA-Application-and-db/dynamic_inventory_script.py --list ([Errno 13] Permission denied: '/Users/memoor/AWS-Terraform Project/Deploy-HA-Application-and-db/dynamic_inventory_script.py')

2023-05-21 18:02:33,196 p=33110 u=memoor n=ansible | [WARNING]:  * Failed to parse /Users/memoor/AWS-Terraform Project/Deploy-HA-Application-and-db/dynamic_inventory_script.py with ini plugin: /Users/memoor/AWS-Terraform Project/Deploy-HA-Application-and-
db/dynamic_inventory_script.py:3: Expected key=value host variable assignment, got: json

2023-05-21 18:02:33,196 p=33110 u=memoor n=ansible | [WARNING]: Unable to parse /Users/memoor/AWS-Terraform Project/Deploy-HA-Application-and-db/dynamic_inventory_script.py as an inventory source

2023-05-21 18:02:33,196 p=33110 u=memoor n=ansible | [WARNING]: No inventory was parsed, only implicit localhost is available

2023-05-21 18:02:33,208 p=33110 u=memoor n=ansible | [WARNING]: provided hosts list is empty, only localhost is available. Note that the implicit localhost does not match 'all'

2023-05-21 18:02:33,704 p=33110 u=memoor n=ansible | [WARNING]: Could not match supplied host pattern, ignoring: wordpress

2023-05-21 18:02:33,705 p=33110 u=memoor n=ansible | PLAY [wordpress] ******************************************************************************************************************************************************************************************
2023-05-21 18:02:33,705 p=33110 u=memoor n=ansible | skipping: no hosts matched
2023-05-21 18:02:33,705 p=33110 u=memoor n=ansible | PLAY RECAP ************************************************************************************************************************************************************************************************
2023-05-21 18:07:09,646 p=33420 u=memoor n=ansible | [WARNING]:  * Failed to parse /Users/memoor/AWS-Terraform Project/Deploy-HA-Application-and-db/dynamic_inventory_script.py with script plugin: Inventory script (/Users/memoor/AWS-Terraform
Project/Deploy-HA-Application-and-db/dynamic_inventory_script.py) had an execution error: Traceback (most recent call last):   File "/Users/memoor/AWS-Terraform Project/Deploy-HA-Application-and-
db/dynamic_inventory_script.py", line 28, in <module>     print(json.dumps(dynamic_inventory()))   File "/Users/memoor/AWS-Terraform Project/Deploy-HA-Application-and-db/dynamic_inventory_script.py",
line 13, in dynamic_inventory     'hosts': data['app_instance_ips']['value'], TypeError: list indices must be integers or slices, not str

2023-05-21 18:07:09,647 p=33420 u=memoor n=ansible | [WARNING]:  * Failed to parse /Users/memoor/AWS-Terraform Project/Deploy-HA-Application-and-db/dynamic_inventory_script.py with ini plugin: /Users/memoor/AWS-Terraform Project/Deploy-HA-Application-and-
db/dynamic_inventory_script.py:3: Expected key=value host variable assignment, got: json

2023-05-21 18:07:09,647 p=33420 u=memoor n=ansible | [WARNING]: Unable to parse /Users/memoor/AWS-Terraform Project/Deploy-HA-Application-and-db/dynamic_inventory_script.py as an inventory source

2023-05-21 18:07:09,647 p=33420 u=memoor n=ansible | [WARNING]: No inventory was parsed, only implicit localhost is available

2023-05-21 18:07:09,657 p=33420 u=memoor n=ansible | [WARNING]: provided hosts list is empty, only localhost is available. Note that the implicit localhost does not match 'all'

2023-05-21 18:07:10,065 p=33420 u=memoor n=ansible | [WARNING]: Could not match supplied host pattern, ignoring: wordpress

2023-05-21 18:07:10,066 p=33420 u=memoor n=ansible | PLAY [wordpress] ******************************************************************************************************************************************************************************************
2023-05-21 18:07:10,066 p=33420 u=memoor n=ansible | skipping: no hosts matched
2023-05-21 18:07:10,067 p=33420 u=memoor n=ansible | PLAY RECAP ************************************************************************************************************************************************************************************************
